[0m[[0m[0mdebug[0m] [0m[0m> Exec(;Test/compile; collectAnalyses, None, Some(CommandSource(network-1)))[0m
[0m[[0m[0mdebug[0m] [0m[0munmatched Processing event for requestId None: None[0m
[0m[[0m[0mdebug[0m] [0m[0munmatched Done event for requestId None: None[0m
[0m[[0m[0mdebug[0m] [0m[0m> Exec(Test/compile, None, Some(CommandSource(network-1)))[0m
[0m[[0m[0mdebug[0m] [0m[0munmatched Processing event for requestId None: None[0m
[0m[[0m[0mdebug[0m] [0m[0mEvaluating tasks: Test / compile[0m
[0m[[0m[0mdebug[0m] [0m[0mRunning task... Cancel: Signal, check cycles: false, forcegc: true[0m
[0m[[0m[0mdebug[0m] [0m[0mjsonRpcNotify: JsonRpcNotificationMessage(2.0, build/taskStart, {"taskId":{"id":"100","parents":[]},"eventTime":1685101551832,"message":"Compiling ders-notlari-jupeyter-notebook","dataKind":"compile-task","data":{"target":{"uri":"file:/Users/macbook/Desktop/IBM/DATA%20ENGINEER/00%20-%20BootCamp%20Data%20Engineer%20-%20DataScientist/Ders%20Notlari%20Jupeyter%20Notebook/#ders-notlari-jupeyter-notebook/Compile"}}})[0m
[0m[[0m[0mdebug[0m] [0m[0mjsonRpcNotify: JsonRpcNotificationMessage(2.0, build/taskFinish, {"taskId":{"id":"100","parents":[]},"eventTime":1685101551837,"message":"Compiled ders-notlari-jupeyter-notebook","status":1,"dataKind":"compile-report","data":{"target":{"uri":"file:/Users/macbook/Desktop/IBM/DATA%20ENGINEER/00%20-%20BootCamp%20Data%20Engineer%20-%20DataScientist/Ders%20Notlari%20Jupeyter%20Notebook/#ders-notlari-jupeyter-notebook/Compile"},"errors":0,"warnings":0,"time":5}})[0m
[0m[[0m[0mdebug[0m] [0m[0mjsonRpcNotify: JsonRpcNotificationMessage(2.0, build/taskStart, {"taskId":{"id":"101","parents":[]},"eventTime":1685101551841,"message":"Compiling ders-notlari-jupeyter-notebook-test","dataKind":"compile-task","data":{"target":{"uri":"file:/Users/macbook/Desktop/IBM/DATA%20ENGINEER/00%20-%20BootCamp%20Data%20Engineer%20-%20DataScientist/Ders%20Notlari%20Jupeyter%20Notebook/#ders-notlari-jupeyter-notebook/Test"}}})[0m
[0m[[0m[0mdebug[0m] [0m[0mjsonRpcNotify: JsonRpcNotificationMessage(2.0, build/taskFinish, {"taskId":{"id":"101","parents":[]},"eventTime":1685101551846,"message":"Compiled ders-notlari-jupeyter-notebook-test","status":1,"dataKind":"compile-report","data":{"target":{"uri":"file:/Users/macbook/Desktop/IBM/DATA%20ENGINEER/00%20-%20BootCamp%20Data%20Engineer%20-%20DataScientist/Ders%20Notlari%20Jupeyter%20Notebook/#ders-notlari-jupeyter-notebook/Test"},"errors":0,"warnings":0,"time":5}})[0m
[0m[[0m[32msuccess[0m] [0m[0mTotal time: 0 s, completed 26 May 2023 13:45:51[0m
[0m[[0m[0mdebug[0m] [0m[0munmatched Done event for requestId None: None[0m
[0m[[0m[0mdebug[0m] [0m[0m> Exec(collectAnalyses, None, Some(CommandSource(network-1)))[0m
[0m[[0m[0mdebug[0m] [0m[0munmatched Processing event for requestId None: None[0m
[0m[[0m[0mdebug[0m] [0m[0mEvaluating tasks: Compile / collectAnalyses[0m
[0m[[0m[0mdebug[0m] [0m[0mRunning task... Cancel: Signal, check cycles: false, forcegc: true[0m
[0m[[0m[0mdebug[0m] [0m[0manalysis location (/Users/macbook/Desktop/IBM/DATA ENGINEER/00 - BootCamp Data Engineer - DataScientist/Ders Notlari Jupeyter Notebook/target/scala-2.12/zinc/inc_compile_2.12.zip,true)[0m
[0m[[0m[32msuccess[0m] [0m[0mTotal time: 0 s, completed 26 May 2023 13:45:51[0m
[0m[[0m[0mdebug[0m] [0m[0munmatched Done event for requestId None: None[0m
[0m[[0m[0mdebug[0m] [0m[0m> Exec(shell, None, None)[0m
[0m[[0m[0mdebug[0m] [0m[0mForcing garbage collection...[0m
[0m[[0m[0mdebug[0m] [0m[0mlsp-definition json request: {"textDocument":{"uri":"file:///Users/macbook/Desktop/IBM/DATA%20ENGINEER/00%20-%20BootCamp%20Data%20Engineer%20-%20DataScientist/Ders%20Notlari%20Jupeyter%20Notebook/TEST_EXAMS/TEST_09_Spark.scala"},"position":{"line":52,"character":17}}[0m
[0m[[0m[0mdebug[0m] [0m[0mlsp-definition found line:     val spark = SparkSession.builder()[0m
[0m[[0m[0mdebug[0m] [0m[0msymbol SparkSession[0m
[0m[[0m[0mdebug[0m] [0m[0mlsp-definition potentials: Set()[0m
[0m[[0m[0mdebug[0m] [0m[0mlsp-definition locations Vector()[0m
[0m[[0m[0mdebug[0m] [0m[0mUnhandled request received: shutdown: JsonRpcRequestMessage(2.0, ♨138, shutdown, null})[0m
